<?xml version="1.0" encoding="UTF-8"?>
<!-- Generated by org.testng.reporters.JUnitReportReporter -->
<testsuite hostname="LAPTOP-KIOIC8K9" failures="0" tests="3" name="com.testng.CrossBrowserTesting" time="17.558" errors="0" timestamp="2024-11-18T13:23:06 IST" skipped="0">
  <testcase classname="com.testng.CrossBrowserTesting" name="edgeBrowser" time="6.847"/>
  <system-out/>
  <testcase classname="com.testng.CrossBrowserTesting" name="chromeBrowser" time="3.052"/>
  <system-out/>
  <testcase classname="com.testng.CrossBrowserTesting" name="firefoxBrowse" time="7.659"/>
  <system-out/>
</testsuite> <!-- com.testng.CrossBrowserTesting -->
