<?xml version="1.0" encoding="UTF-8"?>
<!-- Generated by org.testng.reporters.JUnitReportReporter -->
<testsuite hostname="LAPTOP-KIOIC8K9" failures="0" tests="3" name="com.testng.SimpleAnnotations" time="0.021" errors="0" timestamp="2024-11-18T13:19:26 IST" skipped="0">
  <testcase classname="com.testng.SimpleAnnotations" name="men" time="0.007"/>
  <system-out/>
  <testcase classname="com.testng.SimpleAnnotations" name="kids" time="0.012"/>
  <system-out/>
  <testcase classname="com.testng.SimpleAnnotations" name="women" time="0.002"/>
  <system-out/>
</testsuite> <!-- com.testng.SimpleAnnotations -->
